0spam.fusionzero.com
access.redhawk.org
all.rbl.webiron.net
all.s5h.net
b.barracudacentral.org
bad.psky.me
bhnc.njabl.org
bl.blocklist.de
bl.deadbeef.com
bl.emailbasura.org
bl.mailspike.net
bl.spamcannibal.org
bl.spamcop.net
bl.spameatingmonkey.net
bl.technovision.dk
blackholes.five-ten-sg.com
blackholes.mail-abuse.org
blacklist.sci.kun.nl
blacklist.woody.ch
bogons.cymru.com
cbl.abuseat.org
cdl.anti-spam.org.cn
cidr.bl.mcafee.com
combined.abuse.ch
combined.rbl.msrbl.net
db.wpbl.info
dnsbl-1.uceprotect.net
dnsbl.anticaptcha.net
dnsbl.cobion.com
dnsbl.cyberlogic.net
dnsbl.dronebl.org
dnsbl.inps.de
dnsbl.kempt.net
dnsbl.njabl.org
dnsbl.solid.net
dnsrbl.org
drone.abuse.ch
duinv.aupads.org
dul.ru
dyna.spamrats.com
dynip.rothen.com
forbidden.icm.edu.pl
hostkarma.junkemailfilter.com
hil.habeas.com
images.rbl.msrbl.net
ips.backscatterer.org
ix.dnsbl.manitu.net
korea.services.net
mail-abuse.blacklist.jippg.org
no-more-funn.moensted.dk
noptr.spamrats.com
ohps.dnsbl.net.au
omrs.dnsbl.net.au
orvedb.aupads.org
osps.dnsbl.net.au
osrs.dnsbl.net.au
owfs.dnsbl.net.au
owps.dnsbl.net.au
phishing.rbl.msrbl.net
probes.dnsbl.net.au
proxy.bl.gweep.ca
proxy.block.transip.nl
psbl.surriel.com
rbl.abuse.ro
rbl.interserver.net
rbl.megarbl.net
rbl.orbitrbl.com
rbl.realtimeblacklist.com
rbl.schulte.org
rdts.dnsbl.net.au
relays.bl.gweep.ca
relays.bl.kundenserver.de
relays.nether.net
residential.block.transip.nl
ricn.dnsbl.net.au
rmst.dnsbl.net.au
short.rbl.jp
singular.ttk.pte.hu
spam.abuse.ch
spam.dnsbl.sorbs.net
spam.rbl.msrbl.net
spam.spamrats.com
spamguard.leadmon.net
spamlist.or.kr
spamrbl.imp.ch
spamsources.fabel.dk
spamtrap.drbl.drand.net
srnblack.surgate.net
t3direct.dnsbl.net.au
tor.dnsbl.sectoor.de
torserver.tor.dnsbl.sectoor.de
truncate.gbudb.net
ubl.lashback.com
ubl.unsubscore.com
virbl.dnsbl.bit.nl
virus.rbl.jp
virus.rbl.msrbl.net
wormrbl.imp.ch
zen.spamhaus.org